<?xml version="1.0" encoding="UTF-8"?>
<testng-results ignored="0" total="4" passed="4" failed="0" skipped="0">
  <reporter-output>
  </reporter-output>
  <suite started-at="2024-06-16T16:40:10 IST" name="Default suite" finished-at="2024-06-16T16:41:52 IST" duration-ms="101915">
    <groups>
      <group name="cucumber">
        <method signature="AbstractTestNGCucumberTests.runScenario(io.cucumber.testng.PickleWrapper,io.cucumber.testng.FeatureWrapper)[pri:0, instance:com.urbanladder.runner.UrbanTestRunner@6d4d66d2]" name="runScenario" class="io.cucumber.testng.AbstractTestNGCucumberTests"/>
      </group> <!-- cucumber -->
    </groups>
    <test started-at="2024-06-16T16:40:10 IST" name="Default test" finished-at="2024-06-16T16:41:52 IST" duration-ms="101915">
      <class name="com.urbanladder.runner.UrbanTestRunner">
        <test-method is-config="true" signature="setUpClass(org.testng.ITestContext)[pri:0, instance:com.urbanladder.runner.UrbanTestRunner@6d4d66d2]" started-at="2024-06-16T16:40:10 IST" name="setUpClass" finished-at="2024-06-16T16:40:17 IST" duration-ms="6483" status="PASS">
          <params>
            <param index="0">
              <value>
                <![CDATA[org.testng.TestRunner@5adc71e7]]>
              </value>
            </param>
          </params>
          <reporter-output>
          </reporter-output>
        </test-method> <!-- setUpClass -->
        <test-method signature="runScenario(io.cucumber.testng.PickleWrapper,io.cucumber.testng.FeatureWrapper)[pri:0, instance:com.urbanladder.runner.UrbanTestRunner@6d4d66d2]" started-at="2024-06-16T16:40:17 IST" name="runScenario" description="Runs Cucumber Scenarios" data-provider="scenarios" finished-at="2024-06-16T16:40:26 IST" duration-ms="9334" status="PASS">
          <params>
            <param index="0">
              <value>
                <![CDATA["Search for bookshelves"]]>
              </value>
            </param>
            <param index="1">
              <value>
                <![CDATA["Home page scenarios"]]>
              </value>
            </param>
          </params>
          <reporter-output>
          </reporter-output>
        </test-method> <!-- runScenario -->
        <test-method signature="runScenario(io.cucumber.testng.PickleWrapper,io.cucumber.testng.FeatureWrapper)[pri:0, instance:com.urbanladder.runner.UrbanTestRunner@6d4d66d2]" started-at="2024-06-16T16:40:26 IST" name="runScenario" description="Runs Cucumber Scenarios" data-provider="scenarios" finished-at="2024-06-16T16:40:54 IST" duration-ms="27930" status="PASS">
          <params>
            <param index="0">
              <value>
                <![CDATA["Search BookShelves and Display the Results"]]>
              </value>
            </param>
            <param index="1">
              <value>
                <![CDATA["BookShelf Page Scenarios"]]>
              </value>
            </param>
          </params>
          <reporter-output>
          </reporter-output>
        </test-method> <!-- runScenario -->
        <test-method signature="runScenario(io.cucumber.testng.PickleWrapper,io.cucumber.testng.FeatureWrapper)[pri:0, instance:com.urbanladder.runner.UrbanTestRunner@6d4d66d2]" started-at="2024-06-16T16:40:54 IST" name="runScenario" description="Runs Cucumber Scenarios" data-provider="scenarios" finished-at="2024-06-16T16:41:12 IST" duration-ms="17702" status="PASS">
          <params>
            <param index="0">
              <value>
                <![CDATA["Enter Gift Card Details"]]>
              </value>
            </param>
            <param index="1">
              <value>
                <![CDATA["Gift-Card Page Scenarios"]]>
              </value>
            </param>
          </params>
          <reporter-output>
          </reporter-output>
        </test-method> <!-- runScenario -->
        <test-method signature="runScenario(io.cucumber.testng.PickleWrapper,io.cucumber.testng.FeatureWrapper)[pri:0, instance:com.urbanladder.runner.UrbanTestRunner@6d4d66d2]" started-at="2024-06-16T16:41:12 IST" name="runScenario" description="Runs Cucumber Scenarios" data-provider="scenarios" finished-at="2024-06-16T16:41:27 IST" duration-ms="15139" status="PASS">
          <params>
            <param index="0">
              <value>
                <![CDATA["Enter Gift Card Details"]]>
              </value>
            </param>
            <param index="1">
              <value>
                <![CDATA["Gift-Card Page Scenarios"]]>
              </value>
            </param>
          </params>
          <reporter-output>
          </reporter-output>
        </test-method> <!-- runScenario -->
        <test-method is-config="true" signature="tearDownClass()[pri:0, instance:com.urbanladder.runner.UrbanTestRunner@6d4d66d2]" started-at="2024-06-16T16:41:27 IST" name="tearDownClass" finished-at="2024-06-16T16:41:52 IST" duration-ms="25257" status="PASS">
          <reporter-output>
          </reporter-output>
        </test-method> <!-- tearDownClass -->
      </class> <!-- com.urbanladder.runner.UrbanTestRunner -->
    </test> <!-- Default test -->
  </suite> <!-- Default suite -->
</testng-results>
